<?xml version="1.0" encoding="UTF-8"?>
<testsuite xmlns:xsi="http://www.w3.org/2001/XMLSchema-instance" xsi:noNamespaceSchemaLocation="https://maven.apache.org/surefire/maven-surefire-plugin/xsd/surefire-test-report-3.0.xsd" version="3.0" name="com.fernando.cpf_validation_api.controllers.ValidationControllerTest" time="7.652" tests="9" errors="0" skipped="0" failures="0">
  <properties>
    <property name="java.specification.version" value="18"/>
    <property name="sun.cpu.isalist" value="amd64"/>
    <property name="sun.jnu.encoding" value="Cp1252"/>
    <property name="java.class.path" value="C:\Users\fdeba\Documents\java_projects\cpf_validation_api\target\test-classes;C:\Users\fdeba\Documents\java_projects\cpf_validation_api\target\classes;C:\Users\fdeba\.m2\repository\org\springframework\boot\spring-boot-starter-actuator\3.1.3\spring-boot-starter-actuator-3.1.3.jar;C:\Users\fdeba\.m2\repository\org\springframework\boot\spring-boot-starter\3.1.3\spring-boot-starter-3.1.3.jar;C:\Users\fdeba\.m2\repository\org\springframework\boot\spring-boot-starter-logging\3.1.3\spring-boot-starter-logging-3.1.3.jar;C:\Users\fdeba\.m2\repository\ch\qos\logback\logback-classic\1.4.11\logback-classic-1.4.11.jar;C:\Users\fdeba\.m2\repository\ch\qos\logback\logback-core\1.4.11\logback-core-1.4.11.jar;C:\Users\fdeba\.m2\repository\org\apache\logging\log4j\log4j-to-slf4j\2.20.0\log4j-to-slf4j-2.20.0.jar;C:\Users\fdeba\.m2\repository\org\apache\logging\log4j\log4j-api\2.20.0\log4j-api-2.20.0.jar;C:\Users\fdeba\.m2\repository\org\slf4j\jul-to-slf4j\2.0.7\jul-to-slf4j-2.0.7.jar;C:\Users\fdeba\.m2\repository\jakarta\annotation\jakarta.annotation-api\2.1.1\jakarta.annotation-api-2.1.1.jar;C:\Users\fdeba\.m2\repository\org\yaml\snakeyaml\1.33\snakeyaml-1.33.jar;C:\Users\fdeba\.m2\repository\org\springframework\boot\spring-boot-actuator-autoconfigure\3.1.3\spring-boot-actuator-autoconfigure-3.1.3.jar;C:\Users\fdeba\.m2\repository\org\springframework\boot\spring-boot-actuator\3.1.3\spring-boot-actuator-3.1.3.jar;C:\Users\fdeba\.m2\repository\com\fasterxml\jackson\core\jackson-databind\2.15.2\jackson-databind-2.15.2.jar;C:\Users\fdeba\.m2\repository\com\fasterxml\jackson\core\jackson-core\2.15.2\jackson-core-2.15.2.jar;C:\Users\fdeba\.m2\repository\com\fasterxml\jackson\datatype\jackson-datatype-jsr310\2.15.2\jackson-datatype-jsr310-2.15.2.jar;C:\Users\fdeba\.m2\repository\io\micrometer\micrometer-observation\1.11.3\micrometer-observation-1.11.3.jar;C:\Users\fdeba\.m2\repository\io\micrometer\micrometer-commons\1.11.3\micrometer-commons-1.11.3.jar;C:\Users\fdeba\.m2\repository\io\micrometer\micrometer-core\1.11.3\micrometer-core-1.11.3.jar;C:\Users\fdeba\.m2\repository\org\hdrhistogram\HdrHistogram\2.1.12\HdrHistogram-2.1.12.jar;C:\Users\fdeba\.m2\repository\org\latencyutils\LatencyUtils\2.0.3\LatencyUtils-2.0.3.jar;C:\Users\fdeba\.m2\repository\org\springframework\boot\spring-boot-starter-data-rest\3.1.3\spring-boot-starter-data-rest-3.1.3.jar;C:\Users\fdeba\.m2\repository\org\springframework\data\spring-data-rest-webmvc\4.1.3\spring-data-rest-webmvc-4.1.3.jar;C:\Users\fdeba\.m2\repository\org\springframework\data\spring-data-rest-core\4.1.3\spring-data-rest-core-4.1.3.jar;C:\Users\fdeba\.m2\repository\org\springframework\spring-tx\6.0.11\spring-tx-6.0.11.jar;C:\Users\fdeba\.m2\repository\org\springframework\hateoas\spring-hateoas\2.1.2\spring-hateoas-2.1.2.jar;C:\Users\fdeba\.m2\repository\org\springframework\data\spring-data-commons\3.1.3\spring-data-commons-3.1.3.jar;C:\Users\fdeba\.m2\repository\org\springframework\plugin\spring-plugin-core\3.0.0\spring-plugin-core-3.0.0.jar;C:\Users\fdeba\.m2\repository\org\atteo\evo-inflector\1.3\evo-inflector-1.3.jar;C:\Users\fdeba\.m2\repository\com\fasterxml\jackson\core\jackson-annotations\2.15.2\jackson-annotations-2.15.2.jar;C:\Users\fdeba\.m2\repository\org\slf4j\slf4j-api\2.0.7\slf4j-api-2.0.7.jar;C:\Users\fdeba\.m2\repository\org\springframework\boot\spring-boot-starter-validation\3.1.3\spring-boot-starter-validation-3.1.3.jar;C:\Users\fdeba\.m2\repository\org\apache\tomcat\embed\tomcat-embed-el\10.1.12\tomcat-embed-el-10.1.12.jar;C:\Users\fdeba\.m2\repository\org\hibernate\validator\hibernate-validator\8.0.1.Final\hibernate-validator-8.0.1.Final.jar;C:\Users\fdeba\.m2\repository\jakarta\validation\jakarta.validation-api\3.0.2\jakarta.validation-api-3.0.2.jar;C:\Users\fdeba\.m2\repository\org\jboss\logging\jboss-logging\3.5.3.Final\jboss-logging-3.5.3.Final.jar;C:\Users\fdeba\.m2\repository\com\fasterxml\classmate\1.5.1\classmate-1.5.1.jar;C:\Users\fdeba\.m2\repository\org\springframework\boot\spring-boot-starter-web\3.1.3\spring-boot-starter-web-3.1.3.jar;C:\Users\fdeba\.m2\repository\org\springframework\boot\spring-boot-starter-json\3.1.3\spring-boot-starter-json-3.1.3.jar;C:\Users\fdeba\.m2\repository\com\fasterxml\jackson\datatype\jackson-datatype-jdk8\2.15.2\jackson-datatype-jdk8-2.15.2.jar;C:\Users\fdeba\.m2\repository\com\fasterxml\jackson\module\jackson-module-parameter-names\2.15.2\jackson-module-parameter-names-2.15.2.jar;C:\Users\fdeba\.m2\repository\org\springframework\boot\spring-boot-starter-tomcat\3.1.3\spring-boot-starter-tomcat-3.1.3.jar;C:\Users\fdeba\.m2\repository\org\apache\tomcat\embed\tomcat-embed-core\10.1.12\tomcat-embed-core-10.1.12.jar;C:\Users\fdeba\.m2\repository\org\apache\tomcat\embed\tomcat-embed-websocket\10.1.12\tomcat-embed-websocket-10.1.12.jar;C:\Users\fdeba\.m2\repository\org\springframework\spring-web\6.0.11\spring-web-6.0.11.jar;C:\Users\fdeba\.m2\repository\org\springframework\spring-beans\6.0.11\spring-beans-6.0.11.jar;C:\Users\fdeba\.m2\repository\org\springframework\spring-webmvc\6.0.11\spring-webmvc-6.0.11.jar;C:\Users\fdeba\.m2\repository\org\springframework\spring-aop\6.0.11\spring-aop-6.0.11.jar;C:\Users\fdeba\.m2\repository\org\springframework\spring-context\6.0.11\spring-context-6.0.11.jar;C:\Users\fdeba\.m2\repository\org\springframework\spring-expression\6.0.11\spring-expression-6.0.11.jar;C:\Users\fdeba\.m2\repository\org\springframework\boot\spring-boot-devtools\3.1.3\spring-boot-devtools-3.1.3.jar;C:\Users\fdeba\.m2\repository\org\springframework\boot\spring-boot\3.1.3\spring-boot-3.1.3.jar;C:\Users\fdeba\.m2\repository\org\springframework\boot\spring-boot-autoconfigure\3.1.3\spring-boot-autoconfigure-3.1.3.jar;C:\Users\fdeba\.m2\repository\org\projectlombok\lombok\1.18.28\lombok-1.18.28.jar;C:\Users\fdeba\.m2\repository\org\springframework\boot\spring-boot-starter-test\3.1.3\spring-boot-starter-test-3.1.3.jar;C:\Users\fdeba\.m2\repository\org\springframework\boot\spring-boot-test\3.1.3\spring-boot-test-3.1.3.jar;C:\Users\fdeba\.m2\repository\org\springframework\boot\spring-boot-test-autoconfigure\3.1.3\spring-boot-test-autoconfigure-3.1.3.jar;C:\Users\fdeba\.m2\repository\com\jayway\jsonpath\json-path\2.8.0\json-path-2.8.0.jar;C:\Users\fdeba\.m2\repository\jakarta\xml\bind\jakarta.xml.bind-api\4.0.0\jakarta.xml.bind-api-4.0.0.jar;C:\Users\fdeba\.m2\repository\jakarta\activation\jakarta.activation-api\2.1.2\jakarta.activation-api-2.1.2.jar;C:\Users\fdeba\.m2\repository\net\minidev\json-smart\2.4.11\json-smart-2.4.11.jar;C:\Users\fdeba\.m2\repository\net\minidev\accessors-smart\2.4.11\accessors-smart-2.4.11.jar;C:\Users\fdeba\.m2\repository\org\ow2\asm\asm\9.3\asm-9.3.jar;C:\Users\fdeba\.m2\repository\org\assertj\assertj-core\3.24.2\assertj-core-3.24.2.jar;C:\Users\fdeba\.m2\repository\net\bytebuddy\byte-buddy\1.14.6\byte-buddy-1.14.6.jar;C:\Users\fdeba\.m2\repository\org\hamcrest\hamcrest\2.2\hamcrest-2.2.jar;C:\Users\fdeba\.m2\repository\org\junit\jupiter\junit-jupiter\5.9.3\junit-jupiter-5.9.3.jar;C:\Users\fdeba\.m2\repository\org\junit\jupiter\junit-jupiter-api\5.9.3\junit-jupiter-api-5.9.3.jar;C:\Users\fdeba\.m2\repository\org\opentest4j\opentest4j\1.2.0\opentest4j-1.2.0.jar;C:\Users\fdeba\.m2\repository\org\junit\platform\junit-platform-commons\1.9.3\junit-platform-commons-1.9.3.jar;C:\Users\fdeba\.m2\repository\org\apiguardian\apiguardian-api\1.1.2\apiguardian-api-1.1.2.jar;C:\Users\fdeba\.m2\repository\org\junit\jupiter\junit-jupiter-params\5.9.3\junit-jupiter-params-5.9.3.jar;C:\Users\fdeba\.m2\repository\org\junit\jupiter\junit-jupiter-engine\5.9.3\junit-jupiter-engine-5.9.3.jar;C:\Users\fdeba\.m2\repository\org\junit\platform\junit-platform-engine\1.9.3\junit-platform-engine-1.9.3.jar;C:\Users\fdeba\.m2\repository\org\mockito\mockito-core\5.3.1\mockito-core-5.3.1.jar;C:\Users\fdeba\.m2\repository\net\bytebuddy\byte-buddy-agent\1.14.6\byte-buddy-agent-1.14.6.jar;C:\Users\fdeba\.m2\repository\org\objenesis\objenesis\3.3\objenesis-3.3.jar;C:\Users\fdeba\.m2\repository\org\mockito\mockito-junit-jupiter\5.3.1\mockito-junit-jupiter-5.3.1.jar;C:\Users\fdeba\.m2\repository\org\skyscreamer\jsonassert\1.5.1\jsonassert-1.5.1.jar;C:\Users\fdeba\.m2\repository\com\vaadin\external\google\android-json\0.0.20131108.vaadin1\android-json-0.0.20131108.vaadin1.jar;C:\Users\fdeba\.m2\repository\org\springframework\spring-core\6.0.11\spring-core-6.0.11.jar;C:\Users\fdeba\.m2\repository\org\springframework\spring-jcl\6.0.11\spring-jcl-6.0.11.jar;C:\Users\fdeba\.m2\repository\org\springframework\spring-test\6.0.11\spring-test-6.0.11.jar;C:\Users\fdeba\.m2\repository\org\xmlunit\xmlunit-core\2.9.1\xmlunit-core-2.9.1.jar;C:\Users\fdeba\.m2\repository\org\springdoc\springdoc-openapi-starter-webmvc-ui\2.2.0\springdoc-openapi-starter-webmvc-ui-2.2.0.jar;C:\Users\fdeba\.m2\repository\org\springdoc\springdoc-openapi-starter-webmvc-api\2.2.0\springdoc-openapi-starter-webmvc-api-2.2.0.jar;C:\Users\fdeba\.m2\repository\org\springdoc\springdoc-openapi-starter-common\2.2.0\springdoc-openapi-starter-common-2.2.0.jar;C:\Users\fdeba\.m2\repository\io\swagger\core\v3\swagger-core-jakarta\2.2.15\swagger-core-jakarta-2.2.15.jar;C:\Users\fdeba\.m2\repository\org\apache\commons\commons-lang3\3.12.0\commons-lang3-3.12.0.jar;C:\Users\fdeba\.m2\repository\io\swagger\core\v3\swagger-annotations-jakarta\2.2.15\swagger-annotations-jakarta-2.2.15.jar;C:\Users\fdeba\.m2\repository\io\swagger\core\v3\swagger-models-jakarta\2.2.15\swagger-models-jakarta-2.2.15.jar;C:\Users\fdeba\.m2\repository\com\fasterxml\jackson\dataformat\jackson-dataformat-yaml\2.15.2\jackson-dataformat-yaml-2.15.2.jar;C:\Users\fdeba\.m2\repository\org\webjars\swagger-ui\5.2.0\swagger-ui-5.2.0.jar;C:\Users\fdeba\.m2\repository\org\springdoc\springdoc-openapi-ui\1.7.0\springdoc-openapi-ui-1.7.0.jar;C:\Users\fdeba\.m2\repository\org\springdoc\springdoc-openapi-webmvc-core\1.7.0\springdoc-openapi-webmvc-core-1.7.0.jar;C:\Users\fdeba\.m2\repository\org\springdoc\springdoc-openapi-common\1.7.0\springdoc-openapi-common-1.7.0.jar;C:\Users\fdeba\.m2\repository\io\swagger\core\v3\swagger-core\2.2.9\swagger-core-2.2.9.jar;C:\Users\fdeba\.m2\repository\io\swagger\core\v3\swagger-annotations\2.2.9\swagger-annotations-2.2.9.jar;C:\Users\fdeba\.m2\repository\io\swagger\core\v3\swagger-models\2.2.9\swagger-models-2.2.9.jar;"/>
    <property name="java.vm.vendor" value="Oracle Corporation"/>
    <property name="sun.arch.data.model" value="64"/>
    <property name="user.variant" value=""/>
    <property name="java.vendor.url" value="https://java.oracle.com/"/>
    <property name="user.timezone" value="America/Sao_Paulo"/>
    <property name="org.jboss.logging.provider" value="slf4j"/>
    <property name="os.name" value="Windows 11"/>
    <property name="java.vm.specification.version" value="18"/>
    <property name="sun.java.launcher" value="SUN_STANDARD"/>
    <property name="user.country" value="BR"/>
    <property name="sun.boot.library.path" value="C:\Program Files\Java\jdk-18.0.2.1\bin"/>
    <property name="sun.java.command" value="C:\Users\fdeba\AppData\Local\Temp\surefire3470620510931779633\surefirebooter-20230922233031841_3.jar C:\Users\fdeba\AppData\Local\Temp\surefire3470620510931779633 2023-09-22T23-30-26_476-jvmRun1 surefire-20230922233031841_1tmp surefire_0-20230922233031841_2tmp"/>
    <property name="jdk.debug" value="release"/>
    <property name="surefire.test.class.path" value="C:\Users\fdeba\Documents\java_projects\cpf_validation_api\target\test-classes;C:\Users\fdeba\Documents\java_projects\cpf_validation_api\target\classes;C:\Users\fdeba\.m2\repository\org\springframework\boot\spring-boot-starter-actuator\3.1.3\spring-boot-starter-actuator-3.1.3.jar;C:\Users\fdeba\.m2\repository\org\springframework\boot\spring-boot-starter\3.1.3\spring-boot-starter-3.1.3.jar;C:\Users\fdeba\.m2\repository\org\springframework\boot\spring-boot-starter-logging\3.1.3\spring-boot-starter-logging-3.1.3.jar;C:\Users\fdeba\.m2\repository\ch\qos\logback\logback-classic\1.4.11\logback-classic-1.4.11.jar;C:\Users\fdeba\.m2\repository\ch\qos\logback\logback-core\1.4.11\logback-core-1.4.11.jar;C:\Users\fdeba\.m2\repository\org\apache\logging\log4j\log4j-to-slf4j\2.20.0\log4j-to-slf4j-2.20.0.jar;C:\Users\fdeba\.m2\repository\org\apache\logging\log4j\log4j-api\2.20.0\log4j-api-2.20.0.jar;C:\Users\fdeba\.m2\repository\org\slf4j\jul-to-slf4j\2.0.7\jul-to-slf4j-2.0.7.jar;C:\Users\fdeba\.m2\repository\jakarta\annotation\jakarta.annotation-api\2.1.1\jakarta.annotation-api-2.1.1.jar;C:\Users\fdeba\.m2\repository\org\yaml\snakeyaml\1.33\snakeyaml-1.33.jar;C:\Users\fdeba\.m2\repository\org\springframework\boot\spring-boot-actuator-autoconfigure\3.1.3\spring-boot-actuator-autoconfigure-3.1.3.jar;C:\Users\fdeba\.m2\repository\org\springframework\boot\spring-boot-actuator\3.1.3\spring-boot-actuator-3.1.3.jar;C:\Users\fdeba\.m2\repository\com\fasterxml\jackson\core\jackson-databind\2.15.2\jackson-databind-2.15.2.jar;C:\Users\fdeba\.m2\repository\com\fasterxml\jackson\core\jackson-core\2.15.2\jackson-core-2.15.2.jar;C:\Users\fdeba\.m2\repository\com\fasterxml\jackson\datatype\jackson-datatype-jsr310\2.15.2\jackson-datatype-jsr310-2.15.2.jar;C:\Users\fdeba\.m2\repository\io\micrometer\micrometer-observation\1.11.3\micrometer-observation-1.11.3.jar;C:\Users\fdeba\.m2\repository\io\micrometer\micrometer-commons\1.11.3\micrometer-commons-1.11.3.jar;C:\Users\fdeba\.m2\repository\io\micrometer\micrometer-core\1.11.3\micrometer-core-1.11.3.jar;C:\Users\fdeba\.m2\repository\org\hdrhistogram\HdrHistogram\2.1.12\HdrHistogram-2.1.12.jar;C:\Users\fdeba\.m2\repository\org\latencyutils\LatencyUtils\2.0.3\LatencyUtils-2.0.3.jar;C:\Users\fdeba\.m2\repository\org\springframework\boot\spring-boot-starter-data-rest\3.1.3\spring-boot-starter-data-rest-3.1.3.jar;C:\Users\fdeba\.m2\repository\org\springframework\data\spring-data-rest-webmvc\4.1.3\spring-data-rest-webmvc-4.1.3.jar;C:\Users\fdeba\.m2\repository\org\springframework\data\spring-data-rest-core\4.1.3\spring-data-rest-core-4.1.3.jar;C:\Users\fdeba\.m2\repository\org\springframework\spring-tx\6.0.11\spring-tx-6.0.11.jar;C:\Users\fdeba\.m2\repository\org\springframework\hateoas\spring-hateoas\2.1.2\spring-hateoas-2.1.2.jar;C:\Users\fdeba\.m2\repository\org\springframework\data\spring-data-commons\3.1.3\spring-data-commons-3.1.3.jar;C:\Users\fdeba\.m2\repository\org\springframework\plugin\spring-plugin-core\3.0.0\spring-plugin-core-3.0.0.jar;C:\Users\fdeba\.m2\repository\org\atteo\evo-inflector\1.3\evo-inflector-1.3.jar;C:\Users\fdeba\.m2\repository\com\fasterxml\jackson\core\jackson-annotations\2.15.2\jackson-annotations-2.15.2.jar;C:\Users\fdeba\.m2\repository\org\slf4j\slf4j-api\2.0.7\slf4j-api-2.0.7.jar;C:\Users\fdeba\.m2\repository\org\springframework\boot\spring-boot-starter-validation\3.1.3\spring-boot-starter-validation-3.1.3.jar;C:\Users\fdeba\.m2\repository\org\apache\tomcat\embed\tomcat-embed-el\10.1.12\tomcat-embed-el-10.1.12.jar;C:\Users\fdeba\.m2\repository\org\hibernate\validator\hibernate-validator\8.0.1.Final\hibernate-validator-8.0.1.Final.jar;C:\Users\fdeba\.m2\repository\jakarta\validation\jakarta.validation-api\3.0.2\jakarta.validation-api-3.0.2.jar;C:\Users\fdeba\.m2\repository\org\jboss\logging\jboss-logging\3.5.3.Final\jboss-logging-3.5.3.Final.jar;C:\Users\fdeba\.m2\repository\com\fasterxml\classmate\1.5.1\classmate-1.5.1.jar;C:\Users\fdeba\.m2\repository\org\springframework\boot\spring-boot-starter-web\3.1.3\spring-boot-starter-web-3.1.3.jar;C:\Users\fdeba\.m2\repository\org\springframework\boot\spring-boot-starter-json\3.1.3\spring-boot-starter-json-3.1.3.jar;C:\Users\fdeba\.m2\repository\com\fasterxml\jackson\datatype\jackson-datatype-jdk8\2.15.2\jackson-datatype-jdk8-2.15.2.jar;C:\Users\fdeba\.m2\repository\com\fasterxml\jackson\module\jackson-module-parameter-names\2.15.2\jackson-module-parameter-names-2.15.2.jar;C:\Users\fdeba\.m2\repository\org\springframework\boot\spring-boot-starter-tomcat\3.1.3\spring-boot-starter-tomcat-3.1.3.jar;C:\Users\fdeba\.m2\repository\org\apache\tomcat\embed\tomcat-embed-core\10.1.12\tomcat-embed-core-10.1.12.jar;C:\Users\fdeba\.m2\repository\org\apache\tomcat\embed\tomcat-embed-websocket\10.1.12\tomcat-embed-websocket-10.1.12.jar;C:\Users\fdeba\.m2\repository\org\springframework\spring-web\6.0.11\spring-web-6.0.11.jar;C:\Users\fdeba\.m2\repository\org\springframework\spring-beans\6.0.11\spring-beans-6.0.11.jar;C:\Users\fdeba\.m2\repository\org\springframework\spring-webmvc\6.0.11\spring-webmvc-6.0.11.jar;C:\Users\fdeba\.m2\repository\org\springframework\spring-aop\6.0.11\spring-aop-6.0.11.jar;C:\Users\fdeba\.m2\repository\org\springframework\spring-context\6.0.11\spring-context-6.0.11.jar;C:\Users\fdeba\.m2\repository\org\springframework\spring-expression\6.0.11\spring-expression-6.0.11.jar;C:\Users\fdeba\.m2\repository\org\springframework\boot\spring-boot-devtools\3.1.3\spring-boot-devtools-3.1.3.jar;C:\Users\fdeba\.m2\repository\org\springframework\boot\spring-boot\3.1.3\spring-boot-3.1.3.jar;C:\Users\fdeba\.m2\repository\org\springframework\boot\spring-boot-autoconfigure\3.1.3\spring-boot-autoconfigure-3.1.3.jar;C:\Users\fdeba\.m2\repository\org\projectlombok\lombok\1.18.28\lombok-1.18.28.jar;C:\Users\fdeba\.m2\repository\org\springframework\boot\spring-boot-starter-test\3.1.3\spring-boot-starter-test-3.1.3.jar;C:\Users\fdeba\.m2\repository\org\springframework\boot\spring-boot-test\3.1.3\spring-boot-test-3.1.3.jar;C:\Users\fdeba\.m2\repository\org\springframework\boot\spring-boot-test-autoconfigure\3.1.3\spring-boot-test-autoconfigure-3.1.3.jar;C:\Users\fdeba\.m2\repository\com\jayway\jsonpath\json-path\2.8.0\json-path-2.8.0.jar;C:\Users\fdeba\.m2\repository\jakarta\xml\bind\jakarta.xml.bind-api\4.0.0\jakarta.xml.bind-api-4.0.0.jar;C:\Users\fdeba\.m2\repository\jakarta\activation\jakarta.activation-api\2.1.2\jakarta.activation-api-2.1.2.jar;C:\Users\fdeba\.m2\repository\net\minidev\json-smart\2.4.11\json-smart-2.4.11.jar;C:\Users\fdeba\.m2\repository\net\minidev\accessors-smart\2.4.11\accessors-smart-2.4.11.jar;C:\Users\fdeba\.m2\repository\org\ow2\asm\asm\9.3\asm-9.3.jar;C:\Users\fdeba\.m2\repository\org\assertj\assertj-core\3.24.2\assertj-core-3.24.2.jar;C:\Users\fdeba\.m2\repository\net\bytebuddy\byte-buddy\1.14.6\byte-buddy-1.14.6.jar;C:\Users\fdeba\.m2\repository\org\hamcrest\hamcrest\2.2\hamcrest-2.2.jar;C:\Users\fdeba\.m2\repository\org\junit\jupiter\junit-jupiter\5.9.3\junit-jupiter-5.9.3.jar;C:\Users\fdeba\.m2\repository\org\junit\jupiter\junit-jupiter-api\5.9.3\junit-jupiter-api-5.9.3.jar;C:\Users\fdeba\.m2\repository\org\opentest4j\opentest4j\1.2.0\opentest4j-1.2.0.jar;C:\Users\fdeba\.m2\repository\org\junit\platform\junit-platform-commons\1.9.3\junit-platform-commons-1.9.3.jar;C:\Users\fdeba\.m2\repository\org\apiguardian\apiguardian-api\1.1.2\apiguardian-api-1.1.2.jar;C:\Users\fdeba\.m2\repository\org\junit\jupiter\junit-jupiter-params\5.9.3\junit-jupiter-params-5.9.3.jar;C:\Users\fdeba\.m2\repository\org\junit\jupiter\junit-jupiter-engine\5.9.3\junit-jupiter-engine-5.9.3.jar;C:\Users\fdeba\.m2\repository\org\junit\platform\junit-platform-engine\1.9.3\junit-platform-engine-1.9.3.jar;C:\Users\fdeba\.m2\repository\org\mockito\mockito-core\5.3.1\mockito-core-5.3.1.jar;C:\Users\fdeba\.m2\repository\net\bytebuddy\byte-buddy-agent\1.14.6\byte-buddy-agent-1.14.6.jar;C:\Users\fdeba\.m2\repository\org\objenesis\objenesis\3.3\objenesis-3.3.jar;C:\Users\fdeba\.m2\repository\org\mockito\mockito-junit-jupiter\5.3.1\mockito-junit-jupiter-5.3.1.jar;C:\Users\fdeba\.m2\repository\org\skyscreamer\jsonassert\1.5.1\jsonassert-1.5.1.jar;C:\Users\fdeba\.m2\repository\com\vaadin\external\google\android-json\0.0.20131108.vaadin1\android-json-0.0.20131108.vaadin1.jar;C:\Users\fdeba\.m2\repository\org\springframework\spring-core\6.0.11\spring-core-6.0.11.jar;C:\Users\fdeba\.m2\repository\org\springframework\spring-jcl\6.0.11\spring-jcl-6.0.11.jar;C:\Users\fdeba\.m2\repository\org\springframework\spring-test\6.0.11\spring-test-6.0.11.jar;C:\Users\fdeba\.m2\repository\org\xmlunit\xmlunit-core\2.9.1\xmlunit-core-2.9.1.jar;C:\Users\fdeba\.m2\repository\org\springdoc\springdoc-openapi-starter-webmvc-ui\2.2.0\springdoc-openapi-starter-webmvc-ui-2.2.0.jar;C:\Users\fdeba\.m2\repository\org\springdoc\springdoc-openapi-starter-webmvc-api\2.2.0\springdoc-openapi-starter-webmvc-api-2.2.0.jar;C:\Users\fdeba\.m2\repository\org\springdoc\springdoc-openapi-starter-common\2.2.0\springdoc-openapi-starter-common-2.2.0.jar;C:\Users\fdeba\.m2\repository\io\swagger\core\v3\swagger-core-jakarta\2.2.15\swagger-core-jakarta-2.2.15.jar;C:\Users\fdeba\.m2\repository\org\apache\commons\commons-lang3\3.12.0\commons-lang3-3.12.0.jar;C:\Users\fdeba\.m2\repository\io\swagger\core\v3\swagger-annotations-jakarta\2.2.15\swagger-annotations-jakarta-2.2.15.jar;C:\Users\fdeba\.m2\repository\io\swagger\core\v3\swagger-models-jakarta\2.2.15\swagger-models-jakarta-2.2.15.jar;C:\Users\fdeba\.m2\repository\com\fasterxml\jackson\dataformat\jackson-dataformat-yaml\2.15.2\jackson-dataformat-yaml-2.15.2.jar;C:\Users\fdeba\.m2\repository\org\webjars\swagger-ui\5.2.0\swagger-ui-5.2.0.jar;C:\Users\fdeba\.m2\repository\org\springdoc\springdoc-openapi-ui\1.7.0\springdoc-openapi-ui-1.7.0.jar;C:\Users\fdeba\.m2\repository\org\springdoc\springdoc-openapi-webmvc-core\1.7.0\springdoc-openapi-webmvc-core-1.7.0.jar;C:\Users\fdeba\.m2\repository\org\springdoc\springdoc-openapi-common\1.7.0\springdoc-openapi-common-1.7.0.jar;C:\Users\fdeba\.m2\repository\io\swagger\core\v3\swagger-core\2.2.9\swagger-core-2.2.9.jar;C:\Users\fdeba\.m2\repository\io\swagger\core\v3\swagger-annotations\2.2.9\swagger-annotations-2.2.9.jar;C:\Users\fdeba\.m2\repository\io\swagger\core\v3\swagger-models\2.2.9\swagger-models-2.2.9.jar;"/>
    <property name="sun.cpu.endian" value="little"/>
    <property name="user.home" value="C:\Users\fdeba"/>
    <property name="user.language" value="pt"/>
    <property name="java.specification.vendor" value="Oracle Corporation"/>
    <property name="java.version.date" value="2022-08-18"/>
    <property name="java.home" value="C:\Program Files\Java\jdk-18.0.2.1"/>
    <property name="file.separator" value="\"/>
    <property name="basedir" value="C:\Users\fdeba\Documents\java_projects\cpf_validation_api"/>
    <property name="java.vm.compressedOopsMode" value="32-bit"/>
    <property name="line.separator" value="&#10;"/>
    <property name="java.vm.specification.vendor" value="Oracle Corporation"/>
    <property name="java.specification.name" value="Java Platform API Specification"/>
    <property name="FILE_LOG_CHARSET" value="UTF-8"/>
    <property name="java.awt.headless" value="true"/>
    <property name="surefire.real.class.path" value="C:\Users\fdeba\AppData\Local\Temp\surefire3470620510931779633\surefirebooter-20230922233031841_3.jar"/>
    <property name="user.script" value=""/>
    <property name="sun.management.compiler" value="HotSpot 64-Bit Tiered Compilers"/>
    <property name="java.runtime.version" value="18.0.2.1+1-1"/>
    <property name="user.name" value="fdeba"/>
    <property name="path.separator" value=";"/>
    <property name="os.version" value="10.0"/>
    <property name="java.runtime.name" value="Java(TM) SE Runtime Environment"/>
    <property name="file.encoding" value="UTF-8"/>
    <property name="java.vm.name" value="Java HotSpot(TM) 64-Bit Server VM"/>
    <property name="localRepository" value="C:\Users\fdeba\.m2\repository"/>
    <property name="java.vendor.url.bug" value="https://bugreport.java.com/bugreport/"/>
    <property name="java.io.tmpdir" value="C:\Users\fdeba\AppData\Local\Temp\"/>
    <property name="java.version" value="18.0.2.1"/>
    <property name="user.dir" value="C:\Users\fdeba\Documents\java_projects\cpf_validation_api"/>
    <property name="os.arch" value="amd64"/>
    <property name="java.vm.specification.name" value="Java Virtual Machine Specification"/>
    <property name="PID" value="8368"/>
    <property name="sun.os.patch.level" value=""/>
    <property name="CONSOLE_LOG_CHARSET" value="UTF-8"/>
    <property name="native.encoding" value="Cp1252"/>
    <property name="java.library.path" value="C:\Program Files\Java\jdk-18.0.2.1\bin;C:\WINDOWS\Sun\Java\bin;C:\WINDOWS\system32;C:\WINDOWS;C:\Users\fdeba\bin;C:\Program Files\Git\mingw64\bin;C:\Program Files\Git\usr\local\bin;C:\Program Files\Git\usr\bin;C:\Program Files\Git\usr\bin;C:\Program Files\Git\mingw64\bin;C:\Program Files\Git\usr\bin;C:\Users\fdeba\bin;C:\Program Files\Common Files\Oracle\Java\javapath;C:\Program Files (x86)\Common Files\Oracle\Java\javapath;C:\WINDOWS\system32;C:\WINDOWS;C:\WINDOWS\System32\Wbem;C:\WINDOWS\System32\WindowsPowerShell\v1.0;C:\WINDOWS\System32\OpenSSH;C:\ProgramData\chocolatey\bin;C:\Program Files\Git\cmd;C:\Program Files\GitHub CLI;C:\Program Files\Docker\Docker\resources\bin;C:\Program Files\kotlinc\bin;C:\Program Files\Java\jdk-18.0.2.1\bi;.;C:\Users\fdeba\AppData\Local\Programs\Python\Python311;C:\Users\fdeba\AppData\Local\Programs\Python\Python311\Scripts;C:\Users\fdeba\scoop\apps\pscale\0.144.0;C:\Gradle\bin;C:\Program Files (x86)\Yarn\bin;C:\Program Files\dotnet;C:\platform-tools\adb.exe;%MAVEN_HOME%\bin;C:\Program Files\php-8.2.9;C:\ProgramData\ComposerSetup\bin;C:\Program Files\nodejs;C:\Users\fdeba\AppData\Local\Pub\Cache\bin;C:\Users\fdeba\scoop\shims;C:\Users\fdeba\AppData\Local\Microsoft\WindowsApps;C:\Users\fdeba\AppData\Local\Programs\Microsoft VS Code\bin;C:\Users\fdeba\dart\bin;C:\Users\fdeba\AppData\Roaming\Pub\Cache\bin;C:\Users\fdeba\AppData\Local\JetBrains\Toolbox\scripts;C:\Program Files\PostgreSQL\15\bin;C:\Program Files\kotlinc\bin;C:\Program Files\Java\jdk-18.0.2.1\bi;.;C:\Users\fdeba\AppData\Local\Programs\Python\Python311\Scripts;C:\Users\fdeba\AppData\Local\Programs\Python\Python311;C:\Users\fdeba\scoop\apps\pscale\0.144.0;C:\Users\fdeba\AppData\Local\Yarn\bin;C:\Users\fdeba\.dotnet\tools;C:\Program Files\Maven\apache-maven-3.9.3\bin;C:\Users\fdeba\AppData\Roaming\Composer\vendor\bin;C:\Users\fdeba\bin;C:\Users\fdeba\AppData\Roaming\npm;C:\Users\fdeba\AppData\Local\Pub\Cache\bin;C:\Users\fdeba\commands;C:\Users\fdeba\flutter\bin;C:\Users\fdeba\AppData\Local\Android\Sdk\cmdline-tools\latest\bin;C:\Users\fdeba\AppData\Local\Android\Sdk\platform-tools;C:\go\bin;C:\Program Files\Java\jdk-20.0.2\bin;C:\Program Files\Git\usr\bin\vendor_perl;C:\Program Files\Git\usr\bin\core_perl;."/>
    <property name="java.vm.info" value="mixed mode, sharing"/>
    <property name="java.vendor" value="Oracle Corporation"/>
    <property name="java.vm.version" value="18.0.2.1+1-1"/>
    <property name="sun.io.unicode.encoding" value="UnicodeLittle"/>
    <property name="java.class.version" value="62.0"/>
  </properties>
  <testcase name="shouldReturnStatus400WhenToRequestEmailEndpointWithInvalidEmail" classname="com.fernando.cpf_validation_api.controllers.ValidationControllerTest" time="2.386">
    <system-out><![CDATA[23:30:35.678 [main] INFO org.springframework.test.context.support.AnnotationConfigContextLoaderUtils -- Could not detect default configuration classes for test class [com.fernando.cpf_validation_api.controllers.ValidationControllerTest]: ValidationControllerTest does not declare any static, non-private, non-final, nested classes annotated with @Configuration.
23:30:36.418 [main] INFO org.springframework.boot.test.context.SpringBootTestContextBootstrapper -- Found @SpringBootConfiguration com.fernando.cpf_validation_api.CpfValidationApiApplication for test class com.fernando.cpf_validation_api.controllers.ValidationControllerTest

  .   ____          _            __ _ _
 /\\ / ___'_ __ _ _(_)_ __  __ _ \ \ \ \
( ( )\___ | '_ | '_| | '_ \/ _` | \ \ \ \
 \\/  ___)| |_)| | | | | || (_| |  ) ) ) )
  '  |____| .__|_| |_|_| |_\__, | / / / /
 =========|_|==============|___/=/_/_/_/
 :: Spring Boot ::                (v3.1.3)

2023-09-22T23:30:37.525-03:00  INFO 8368 --- [           main] c.f.c.c.ValidationControllerTest         : Starting ValidationControllerTest using Java 18.0.2.1 with PID 8368 (started by fdeba in C:\Users\fdeba\Documents\java_projects\cpf_validation_api)
2023-09-22T23:30:37.533-03:00  INFO 8368 --- [           main] c.f.c.c.ValidationControllerTest         : No active profile set, falling back to 1 default profile: "default"
2023-09-22T23:30:39.932-03:00  INFO 8368 --- [           main] o.s.b.t.m.w.SpringBootMockServletContext : Initializing Spring TestDispatcherServlet ''
2023-09-22T23:30:39.932-03:00  INFO 8368 --- [           main] o.s.t.web.servlet.TestDispatcherServlet  : Initializing Servlet ''
2023-09-22T23:30:39.934-03:00  INFO 8368 --- [           main] o.s.t.web.servlet.TestDispatcherServlet  : Completed initialization in 2 ms
2023-09-22T23:30:39.961-03:00  INFO 8368 --- [           main] c.f.c.c.ValidationControllerTest         : Started ValidationControllerTest in 3.31 seconds (process running for 7.587)
Server is running in http://localhost:8080/

MockHttpServletRequest:
      HTTP Method = GET
      Request URI = /validations/email
       Parameters = {}
          Headers = [Content-Type:"application/json;charset=UTF-8", Content-Length:"19"]
             Body = {"email":"fbarros"}
    Session Attrs = {}

Handler:
             Type = com.fernando.cpf_validation_api.controllers.ValidationController
           Method = com.fernando.cpf_validation_api.controllers.ValidationController#validateEmail(ValidateEmailDAO)

Async:
    Async started = false
     Async result = null

Resolved Exception:
             Type = org.springframework.web.bind.MethodArgumentNotValidException

ModelAndView:
        View name = null
             View = null
            Model = null

FlashMap:
       Attributes = null

MockHttpServletResponse:
           Status = 400
    Error message = null
          Headers = [Content-Type:"application/json"]
     Content type = application/json
             Body = {"message":"Invalid email","statusCode":400}
    Forwarded URL = null
   Redirected URL = null
          Cookies = []
]]></system-out>
  </testcase>
  <testcase name="shouldReturnStatus200WhenToRequestEmailEndpointWithValidEmail" classname="com.fernando.cpf_validation_api.controllers.ValidationControllerTest" time="0.073">
    <system-out><![CDATA[
MockHttpServletRequest:
      HTTP Method = GET
      Request URI = /validations/email
       Parameters = {}
          Headers = [Content-Type:"application/json;charset=UTF-8", Content-Length:"29"]
             Body = {"email":"fbarros@gmail.com"}
    Session Attrs = {}

Handler:
             Type = com.fernando.cpf_validation_api.controllers.ValidationController
           Method = com.fernando.cpf_validation_api.controllers.ValidationController#validateEmail(ValidateEmailDAO)

Async:
    Async started = false
     Async result = null

Resolved Exception:
             Type = null

ModelAndView:
        View name = null
             View = null
            Model = null

FlashMap:
       Attributes = null

MockHttpServletResponse:
           Status = 200
    Error message = null
          Headers = [Content-Type:"application/json"]
     Content type = application/json
             Body = {"email":"fbarros@gmail.com"}
    Forwarded URL = null
   Redirected URL = null
          Cookies = []
]]></system-out>
  </testcase>
  <testcase name="shouldReturnStatus200WhenToRequestCpfEndpointWithValidCpf" classname="com.fernando.cpf_validation_api.controllers.ValidationControllerTest" time="0.13">
    <system-out><![CDATA[
MockHttpServletRequest:
      HTTP Method = GET
      Request URI = /validations/cpf
       Parameters = {}
          Headers = [Content-Type:"application/json;charset=UTF-8", Content-Length:"24"]
             Body = {"cpf":"136.775.118-79"}
    Session Attrs = {}

Handler:
             Type = com.fernando.cpf_validation_api.controllers.ValidationController
           Method = com.fernando.cpf_validation_api.controllers.ValidationController#validateCPF(ValidateCpfDAO)

Async:
    Async started = false
     Async result = null

Resolved Exception:
             Type = null

ModelAndView:
        View name = null
             View = null
            Model = null

FlashMap:
       Attributes = null

MockHttpServletResponse:
           Status = 200
    Error message = null
          Headers = [Content-Type:"application/json"]
     Content type = application/json
             Body = {"cpf":"136.775.118-79"}
    Forwarded URL = null
   Redirected URL = null
          Cookies = []
]]></system-out>
  </testcase>
  <testcase name="shouldReturnErrorResponseErrorWithInvalidEmailMessageWhenToRequestEmailEndpointWithInvalidEmail" classname="com.fernando.cpf_validation_api.controllers.ValidationControllerTest" time="0.043">
    <system-out><![CDATA[
MockHttpServletRequest:
      HTTP Method = GET
      Request URI = /validations/email
       Parameters = {}
          Headers = [Content-Type:"application/json;charset=UTF-8", Content-Length:"19"]
             Body = {"email":"fbarros"}
    Session Attrs = {}

Handler:
             Type = com.fernando.cpf_validation_api.controllers.ValidationController
           Method = com.fernando.cpf_validation_api.controllers.ValidationController#validateEmail(ValidateEmailDAO)

Async:
    Async started = false
     Async result = null

Resolved Exception:
             Type = org.springframework.web.bind.MethodArgumentNotValidException

ModelAndView:
        View name = null
             View = null
            Model = null

FlashMap:
       Attributes = null

MockHttpServletResponse:
           Status = 400
    Error message = null
          Headers = [Content-Type:"application/json"]
     Content type = application/json
             Body = {"message":"Invalid email","statusCode":400}
    Forwarded URL = null
   Redirected URL = null
          Cookies = []
]]></system-out>
  </testcase>
  <testcase name="shouldReturnStatus400WhenToRequestCpfEndpointWithEmptyCpf" classname="com.fernando.cpf_validation_api.controllers.ValidationControllerTest" time="0.016">
    <system-out><![CDATA[
MockHttpServletRequest:
      HTTP Method = GET
      Request URI = /validations/cpf
       Parameters = {}
          Headers = [Content-Type:"application/json;charset=UTF-8", Content-Length:"10"]
             Body = {"cpf":""}
    Session Attrs = {}

Handler:
             Type = com.fernando.cpf_validation_api.controllers.ValidationController
           Method = com.fernando.cpf_validation_api.controllers.ValidationController#validateCPF(ValidateCpfDAO)

Async:
    Async started = false
     Async result = null

Resolved Exception:
             Type = org.springframework.web.bind.MethodArgumentNotValidException

ModelAndView:
        View name = null
             View = null
            Model = null

FlashMap:
       Attributes = null

MockHttpServletResponse:
           Status = 400
    Error message = null
          Headers = [Content-Type:"application/json"]
     Content type = application/json
             Body = {"message":"Invalid CPF","statusCode":400}
    Forwarded URL = null
   Redirected URL = null
          Cookies = []
]]></system-out>
  </testcase>
  <testcase name="shouldReturnStatus400WhenToRequestEmailEndpointWithEmptyEmail" classname="com.fernando.cpf_validation_api.controllers.ValidationControllerTest" time="0.011">
    <system-out><![CDATA[
MockHttpServletRequest:
      HTTP Method = GET
      Request URI = /validations/email
       Parameters = {}
          Headers = [Content-Type:"application/json;charset=UTF-8", Content-Length:"12"]
             Body = {"email":""}
    Session Attrs = {}

Handler:
             Type = com.fernando.cpf_validation_api.controllers.ValidationController
           Method = com.fernando.cpf_validation_api.controllers.ValidationController#validateEmail(ValidateEmailDAO)

Async:
    Async started = false
     Async result = null

Resolved Exception:
             Type = org.springframework.web.bind.MethodArgumentNotValidException

ModelAndView:
        View name = null
             View = null
            Model = null

FlashMap:
       Attributes = null

MockHttpServletResponse:
           Status = 400
    Error message = null
          Headers = [Content-Type:"application/json"]
     Content type = application/json
             Body = {"message":"Email doesn't empty","statusCode":400}
    Forwarded URL = null
   Redirected URL = null
          Cookies = []
]]></system-out>
  </testcase>
  <testcase name="shouldReturnErrorResponseErrorWithInvalidCpfMessageWhenToRequestCpfEndpointWithInvalidCpf" classname="com.fernando.cpf_validation_api.controllers.ValidationControllerTest" time="0.016">
    <system-out><![CDATA[
MockHttpServletRequest:
      HTTP Method = GET
      Request URI = /validations/cpf
       Parameters = {}
          Headers = [Content-Type:"application/json;charset=UTF-8", Content-Length:"24"]
             Body = {"cpf":"000.000.000-00"}
    Session Attrs = {}

Handler:
             Type = com.fernando.cpf_validation_api.controllers.ValidationController
           Method = com.fernando.cpf_validation_api.controllers.ValidationController#validateCPF(ValidateCpfDAO)

Async:
    Async started = false
     Async result = null

Resolved Exception:
             Type = org.springframework.web.bind.MethodArgumentNotValidException

ModelAndView:
        View name = null
             View = null
            Model = null

FlashMap:
       Attributes = null

MockHttpServletResponse:
           Status = 400
    Error message = null
          Headers = [Content-Type:"application/json"]
     Content type = application/json
             Body = {"message":"Invalid CPF","statusCode":400}
    Forwarded URL = null
   Redirected URL = null
          Cookies = []
]]></system-out>
  </testcase>
  <testcase name="shouldReturnErrorResponseErrorWithEmailDoesnotEmptyMessageWhenToRequestEmailEndpointWithEmptyEmail" classname="com.fernando.cpf_validation_api.controllers.ValidationControllerTest" time="0.024">
    <system-out><![CDATA[
MockHttpServletRequest:
      HTTP Method = GET
      Request URI = /validations/email
       Parameters = {}
          Headers = [Content-Type:"application/json;charset=UTF-8", Content-Length:"12"]
             Body = {"email":""}
    Session Attrs = {}

Handler:
             Type = com.fernando.cpf_validation_api.controllers.ValidationController
           Method = com.fernando.cpf_validation_api.controllers.ValidationController#validateEmail(ValidateEmailDAO)

Async:
    Async started = false
     Async result = null

Resolved Exception:
             Type = org.springframework.web.bind.MethodArgumentNotValidException

ModelAndView:
        View name = null
             View = null
            Model = null

FlashMap:
       Attributes = null

MockHttpServletResponse:
           Status = 400
    Error message = null
          Headers = [Content-Type:"application/json"]
     Content type = application/json
             Body = {"message":"Email doesn't empty","statusCode":400}
    Forwarded URL = null
   Redirected URL = null
          Cookies = []
]]></system-out>
  </testcase>
  <testcase name="shouldReturnStatus400WhenToRequestCpfEndpointWithInvalidCpf" classname="com.fernando.cpf_validation_api.controllers.ValidationControllerTest" time="0.036">
    <system-out><![CDATA[
MockHttpServletRequest:
      HTTP Method = GET
      Request URI = /validations/cpf
       Parameters = {}
          Headers = [Content-Type:"application/json;charset=UTF-8", Content-Length:"23"]
             Body = {"cpf":"000.000.00-00"}
    Session Attrs = {}

Handler:
             Type = com.fernando.cpf_validation_api.controllers.ValidationController
           Method = com.fernando.cpf_validation_api.controllers.ValidationController#validateCPF(ValidateCpfDAO)

Async:
    Async started = false
     Async result = null

Resolved Exception:
             Type = org.springframework.web.bind.MethodArgumentNotValidException

ModelAndView:
        View name = null
             View = null
            Model = null

FlashMap:
       Attributes = null

MockHttpServletResponse:
           Status = 400
    Error message = null
          Headers = [Content-Type:"application/json"]
     Content type = application/json
             Body = {"message":"Invalid CPF","statusCode":400}
    Forwarded URL = null
   Redirected URL = null
          Cookies = []
]]></system-out>
  </testcase>
</testsuite>